<?xml version="1.0" encoding="UTF-8"?>
<!-- Generated by org.testng.reporters.JUnitXMLReporter -->
<testsuite hostname="DESKTOP-8ECR7HO" ignored="0" name="HomePage" tests="14" failures="14" timestamp="27 十一月 2017 09:41:56 GMT" time="371.943" errors="0">
  <testcase name="testItemBottom" time="8.016" classname="feishuo.KyyAppUITest.HomePage">
    <failure type="java.lang.AssertionError" message="expected [我的播放] but found [播放列表]">
      <![CDATA[java.lang.AssertionError: expected [我的播放] but found [播放列表]
	at feishuo.KyyAppUITest.HomePage.testItemBottom(HomePage.java:134)
... Removed 31 stack frames]]>
    </failure>
  </testcase> <!-- testItemBottom -->
  <testcase name="testItemMiddle" time="10.785" classname="feishuo.KyyAppUITest.HomePage">
    <failure type="java.lang.IndexOutOfBoundsException" message="Index: 0, Size: 0">
      <![CDATA[java.lang.IndexOutOfBoundsException: Index: 0, Size: 0
	at java.util.ArrayList.rangeCheck(ArrayList.java:653)
	at java.util.ArrayList.get(ArrayList.java:429)
	at feishuo.KyyAppUITest.UIHomePage.Training(UIHomePage.java:18)
	at feishuo.KyyAppUITest.HomePage.testItemMiddle(HomePage.java:51)
... Removed 25 stack frames]]>
    </failure>
  </testcase> <!-- testItemMiddle -->
  <testcase name="testPast" time="10.764" classname="feishuo.KyyAppUITest.HomePage">
    <failure type="org.openqa.selenium.NoSuchElementException" message="An element could not be located on the page using the given search parameters. (WARNING: The server did not provide any stacktrace information)
Command duration or timeout: 10.75 seconds
For documentation on this error, please visit: http://seleniumhq.org/exceptions/no_such_element.html
Build info: version: &amp;apos;3.4.0&amp;apos;, revision: &amp;apos;unknown&amp;apos;, time: &amp;apos;unknown&amp;apos;
System info: host: &amp;apos;DESKTOP-8ECR7HO&amp;apos;, ip: &amp;apos;192.168.1.7&amp;apos;, os.name: &amp;apos;Windows 10&amp;apos;, os.arch: &amp;apos;amd64&amp;apos;, os.version: &amp;apos;10.0&amp;apos;, java.version: &amp;apos;1.8.0_121&amp;apos;
Driver info: io.appium.java_client.android.AndroidDriver
Capabilities [{appPackage=com.kouyuyi.kyystuapp, networkConnectionEnabled=true, warnings={}, appWaitActivity=.activity.LoginActivity, databaseEnabled=false, deviceName=1L520W120468, platform=LINUX, appActivity=com.kouyuyi.kyystuapp.zj.MainActivity, desired={appPackage=com.kouyuyi.kyystuapp, appActivity=com.kouyuyi.kyystuapp.zj.MainActivity, platformVersion=4.4.4, automationName=Appium, appWaitActivity=.activity.LoginActivity, sessionOverride=true, unicodeKeyboard=true, platformName=Android, udid=1L520W120468, deviceName=HM 2A, resetKeyboard=true}, platformVersion=4.4.4, webStorageEnabled=false, locationContextEnabled=false, automationName=Appium, browserName=Android, takesScreenshot=true, javascriptEnabled=true, sessionOverride=true, unicodeKeyboard=true, platformName=Android, udid=1L520W120468, resetKeyboard=true}]
Session ID: d71c64b4-62a4-4181-a4c4-1ed28267323e
*** Element info: {Using=id, value=com.kouyuyi.kyystuapp:id/old_tv}">
      <![CDATA[org.openqa.selenium.NoSuchElementException: An element could not be located on the page using the given search parameters. (WARNING: The server did not provide any stacktrace information)
Command duration or timeout: 10.75 seconds
For documentation on this error, please visit: http://seleniumhq.org/exceptions/no_such_element.html
Build info: version: '3.4.0', revision: 'unknown', time: 'unknown'
System info: host: 'DESKTOP-8ECR7HO', ip: '192.168.1.7', os.name: 'Windows 10', os.arch: 'amd64', os.version: '10.0', java.version: '1.8.0_121'
Driver info: io.appium.java_client.android.AndroidDriver
Capabilities [{appPackage=com.kouyuyi.kyystuapp, networkConnectionEnabled=true, warnings={}, appWaitActivity=.activity.LoginActivity, databaseEnabled=false, deviceName=1L520W120468, platform=LINUX, appActivity=com.kouyuyi.kyystuapp.zj.MainActivity, desired={appPackage=com.kouyuyi.kyystuapp, appActivity=com.kouyuyi.kyystuapp.zj.MainActivity, platformVersion=4.4.4, automationName=Appium, appWaitActivity=.activity.LoginActivity, sessionOverride=true, unicodeKeyboard=true, platformName=Android, udid=1L520W120468, deviceName=HM 2A, resetKeyboard=true}, platformVersion=4.4.4, webStorageEnabled=false, locationContextEnabled=false, automationName=Appium, browserName=Android, takesScreenshot=true, javascriptEnabled=true, sessionOverride=true, unicodeKeyboard=true, platformName=Android, udid=1L520W120468, resetKeyboard=true}]
Session ID: d71c64b4-62a4-4181-a4c4-1ed28267323e
*** Element info: {Using=id, value=com.kouyuyi.kyystuapp:id/old_tv}
	at org.openqa.selenium.remote.ErrorHandler.createThrowable(ErrorHandler.java:215)
	at org.openqa.selenium.remote.ErrorHandler.throwIfResponseFailed(ErrorHandler.java:167)
	at org.openqa.selenium.remote.RemoteWebDriver.execute(RemoteWebDriver.java:671)
	at io.appium.java_client.DefaultGenericMobileDriver.execute(DefaultGenericMobileDriver.java:42)
	at io.appium.java_client.AppiumDriver.execute(AppiumDriver.java:1)
	at io.appium.java_client.android.AndroidDriver.execute(AndroidDriver.java:1)
	at org.openqa.selenium.remote.RemoteWebDriver.findElement(RemoteWebDriver.java:410)
	at io.appium.java_client.DefaultGenericMobileDriver.findElement(DefaultGenericMobileDriver.java:62)
	at io.appium.java_client.AppiumDriver.findElement(AppiumDriver.java:1)
	at io.appium.java_client.android.AndroidDriver.findElement(AndroidDriver.java:1)
	at org.openqa.selenium.remote.RemoteWebDriver.findElementById(RemoteWebDriver.java:453)
	at io.appium.java_client.DefaultGenericMobileDriver.findElementById(DefaultGenericMobileDriver.java:70)
	at io.appium.java_client.AppiumDriver.findElementById(AppiumDriver.java:1)
	at io.appium.java_client.android.AndroidDriver.findElementById(AndroidDriver.java:1)
	at feishuo.KyyAppUITest.UIHomePage.Past(UIHomePage.java:41)
	at feishuo.KyyAppUITest.HomePage.testPast(HomePage.java:79)
... Removed 29 stack frames]]>
    </failure>
  </testcase> <!-- testPast -->
  <testcase name="testChange" time="10.921" classname="feishuo.KyyAppUITest.Train">
    <failure type="java.lang.IndexOutOfBoundsException" message="Index: 1, Size: 0">
      <![CDATA[java.lang.IndexOutOfBoundsException: Index: 1, Size: 0
	at java.util.ArrayList.rangeCheck(ArrayList.java:653)
	at java.util.ArrayList.get(ArrayList.java:429)
	at feishuo.KyyAppUITest.UIBooklist.Grade(UIBooklist.java:17)
	at feishuo.KyyAppUITest.Train.testChange(Train.java:202)
... Removed 25 stack frames]]>
    </failure>
  </testcase> <!-- testChange -->
  <testcase name="testChoose" time="10.657" classname="feishuo.KyyAppUITest.Train">
    <failure type="java.lang.IndexOutOfBoundsException" message="Index: 1, Size: 0">
      <![CDATA[java.lang.IndexOutOfBoundsException: Index: 1, Size: 0
	at java.util.ArrayList.rangeCheck(ArrayList.java:653)
	at java.util.ArrayList.get(ArrayList.java:429)
	at feishuo.KyyAppUITest.UIBooklist.Grade(UIBooklist.java:17)
	at feishuo.KyyAppUITest.Train.testChoose(Train.java:57)
... Removed 25 stack frames]]>
    </failure>
  </testcase> <!-- testChoose -->
  <testcase name="testTrainText" time="10.726" classname="feishuo.KyyAppUITest.Train">
    <failure type="java.lang.IndexOutOfBoundsException" message="Index: 1, Size: 0">
      <![CDATA[java.lang.IndexOutOfBoundsException: Index: 1, Size: 0
	at java.util.ArrayList.rangeCheck(ArrayList.java:653)
	at java.util.ArrayList.get(ArrayList.java:429)
	at feishuo.KyyAppUITest.UIBooklist.Grade(UIBooklist.java:17)
	at feishuo.KyyAppUITest.Train.testTrainText(Train.java:139)
... Removed 25 stack frames]]>
    </failure>
  </testcase> <!-- testTrainText -->
  <testcase name="testTrainWord" time="10.667" classname="feishuo.KyyAppUITest.Train">
    <failure type="java.lang.IndexOutOfBoundsException" message="Index: 1, Size: 0">
      <![CDATA[java.lang.IndexOutOfBoundsException: Index: 1, Size: 0
	at java.util.ArrayList.rangeCheck(ArrayList.java:653)
	at java.util.ArrayList.get(ArrayList.java:429)
	at feishuo.KyyAppUITest.UIBooklist.Grade(UIBooklist.java:17)
	at feishuo.KyyAppUITest.Train.testTrainWord(Train.java:77)
... Removed 25 stack frames]]>
    </failure>
  </testcase> <!-- testTrainWord -->
  <testcase name="testChoose" time="13.457" classname="feishuo.KyyAppUITest.Exercise">
    <failure type="java.lang.IndexOutOfBoundsException" message="Index: 7, Size: 0">
      <![CDATA[java.lang.IndexOutOfBoundsException: Index: 7, Size: 0
	at java.util.ArrayList.rangeCheck(ArrayList.java:653)
	at java.util.ArrayList.get(ArrayList.java:429)
	at feishuo.KyyAppUITest.UIExercise.Grade(UIExercise.java:49)
	at feishuo.KyyAppUITest.Exercise.testChoose(Exercise.java:60)
... Removed 25 stack frames]]>
    </failure>
  </testcase> <!-- testChoose -->
  <testcase name="testListen" time="10.249" classname="feishuo.KyyAppUITest.Exercise">
    <failure type="java.lang.IndexOutOfBoundsException" message="Index: 6, Size: 0">
      <![CDATA[java.lang.IndexOutOfBoundsException: Index: 6, Size: 0
	at java.util.ArrayList.rangeCheck(ArrayList.java:653)
	at java.util.ArrayList.get(ArrayList.java:429)
	at feishuo.KyyAppUITest.UIExercise.Grade(UIExercise.java:49)
	at feishuo.KyyAppUITest.Exercise.testListen(Exercise.java:103)
... Removed 25 stack frames]]>
    </failure>
  </testcase> <!-- testListen -->
  <testcase name="testSpecial" time="10.282" classname="feishuo.KyyAppUITest.Exercise">
    <failure type="java.lang.IndexOutOfBoundsException" message="Index: 6, Size: 0">
      <![CDATA[java.lang.IndexOutOfBoundsException: Index: 6, Size: 0
	at java.util.ArrayList.rangeCheck(ArrayList.java:653)
	at java.util.ArrayList.get(ArrayList.java:429)
	at feishuo.KyyAppUITest.UIExercise.Grade(UIExercise.java:49)
	at feishuo.KyyAppUITest.Exercise.testSpecial(Exercise.java:279)
... Removed 25 stack frames]]>
    </failure>
  </testcase> <!-- testSpecial -->
  <testcase name="testWrite" time="10.439" classname="feishuo.KyyAppUITest.Exercise">
    <failure type="java.lang.IndexOutOfBoundsException" message="Index: 6, Size: 0">
      <![CDATA[java.lang.IndexOutOfBoundsException: Index: 6, Size: 0
	at java.util.ArrayList.rangeCheck(ArrayList.java:653)
	at java.util.ArrayList.get(ArrayList.java:429)
	at feishuo.KyyAppUITest.UIExercise.Grade(UIExercise.java:49)
	at feishuo.KyyAppUITest.Exercise.testWrite(Exercise.java:191)
... Removed 25 stack frames]]>
    </failure>
  </testcase> <!-- testWrite -->
  <testcase name="testChange" time="10.729" classname="feishuo.KyyAppUITest.Topic">
    <failure type="java.lang.IndexOutOfBoundsException" message="Index: 1, Size: 0">
      <![CDATA[java.lang.IndexOutOfBoundsException: Index: 1, Size: 0
	at java.util.ArrayList.rangeCheck(ArrayList.java:653)
	at java.util.ArrayList.get(ArrayList.java:429)
	at feishuo.KyyAppUITest.UITopic.Grade(UITopic.java:15)
	at feishuo.KyyAppUITest.Topic.testChange(Topic.java:117)
... Removed 25 stack frames]]>
    </failure>
  </testcase> <!-- testChange -->
  <testcase name="testChoose" time="10.57" classname="feishuo.KyyAppUITest.Topic">
    <failure type="java.lang.IndexOutOfBoundsException" message="Index: 1, Size: 0">
      <![CDATA[java.lang.IndexOutOfBoundsException: Index: 1, Size: 0
	at java.util.ArrayList.rangeCheck(ArrayList.java:653)
	at java.util.ArrayList.get(ArrayList.java:429)
	at feishuo.KyyAppUITest.UITopic.Grade(UITopic.java:15)
	at feishuo.KyyAppUITest.Topic.testChoose(Topic.java:56)
... Removed 25 stack frames]]>
    </failure>
  </testcase> <!-- testChoose -->
  <testcase name="testCartoon" time="30.903" classname="feishuo.KyyAppUITest.Cartoon">
    <failure type="org.openqa.selenium.NoSuchElementException" message="An element could not be located on the page using the given search parameters. (WARNING: The server did not provide any stacktrace information)
Command duration or timeout: 30.35 seconds
For documentation on this error, please visit: http://seleniumhq.org/exceptions/no_such_element.html
Build info: version: &amp;apos;3.4.0&amp;apos;, revision: &amp;apos;unknown&amp;apos;, time: &amp;apos;unknown&amp;apos;
System info: host: &amp;apos;DESKTOP-8ECR7HO&amp;apos;, ip: &amp;apos;192.168.1.7&amp;apos;, os.name: &amp;apos;Windows 10&amp;apos;, os.arch: &amp;apos;amd64&amp;apos;, os.version: &amp;apos;10.0&amp;apos;, java.version: &amp;apos;1.8.0_121&amp;apos;
Driver info: io.appium.java_client.android.AndroidDriver
Capabilities [{appPackage=com.kouyuyi.kyystuapp, networkConnectionEnabled=true, warnings={}, appWaitActivity=.activity.LoginActivity, databaseEnabled=false, deviceName=1L520W120468, platform=LINUX, appActivity=com.kouyuyi.kyystuapp.zj.MainActivity, desired={appPackage=com.kouyuyi.kyystuapp, appActivity=com.kouyuyi.kyystuapp.zj.MainActivity, platformVersion=4.4.4, automationName=Appium, appWaitActivity=.activity.LoginActivity, sessionOverride=true, unicodeKeyboard=true, platformName=Android, udid=1L520W120468, deviceName=HM 2A, resetKeyboard=true}, platformVersion=4.4.4, webStorageEnabled=false, locationContextEnabled=false, automationName=Appium, browserName=Android, takesScreenshot=true, javascriptEnabled=true, sessionOverride=true, unicodeKeyboard=true, platformName=Android, udid=1L520W120468, resetKeyboard=true}]
Session ID: cfa935e3-cf9a-4994-82d0-4d616665f1a0
*** Element info: {Using=name, value=播放}">
      <![CDATA[org.openqa.selenium.NoSuchElementException: An element could not be located on the page using the given search parameters. (WARNING: The server did not provide any stacktrace information)
Command duration or timeout: 30.35 seconds
For documentation on this error, please visit: http://seleniumhq.org/exceptions/no_such_element.html
Build info: version: '3.4.0', revision: 'unknown', time: 'unknown'
System info: host: 'DESKTOP-8ECR7HO', ip: '192.168.1.7', os.name: 'Windows 10', os.arch: 'amd64', os.version: '10.0', java.version: '1.8.0_121'
Driver info: io.appium.java_client.android.AndroidDriver
Capabilities [{appPackage=com.kouyuyi.kyystuapp, networkConnectionEnabled=true, warnings={}, appWaitActivity=.activity.LoginActivity, databaseEnabled=false, deviceName=1L520W120468, platform=LINUX, appActivity=com.kouyuyi.kyystuapp.zj.MainActivity, desired={appPackage=com.kouyuyi.kyystuapp, appActivity=com.kouyuyi.kyystuapp.zj.MainActivity, platformVersion=4.4.4, automationName=Appium, appWaitActivity=.activity.LoginActivity, sessionOverride=true, unicodeKeyboard=true, platformName=Android, udid=1L520W120468, deviceName=HM 2A, resetKeyboard=true}, platformVersion=4.4.4, webStorageEnabled=false, locationContextEnabled=false, automationName=Appium, browserName=Android, takesScreenshot=true, javascriptEnabled=true, sessionOverride=true, unicodeKeyboard=true, platformName=Android, udid=1L520W120468, resetKeyboard=true}]
Session ID: cfa935e3-cf9a-4994-82d0-4d616665f1a0
*** Element info: {Using=name, value=播放}
	at org.openqa.selenium.remote.ErrorHandler.createThrowable(ErrorHandler.java:215)
	at org.openqa.selenium.remote.ErrorHandler.throwIfResponseFailed(ErrorHandler.java:167)
	at org.openqa.selenium.remote.RemoteWebDriver.execute(RemoteWebDriver.java:671)
	at io.appium.java_client.DefaultGenericMobileDriver.execute(DefaultGenericMobileDriver.java:42)
	at io.appium.java_client.AppiumDriver.execute(AppiumDriver.java:1)
	at io.appium.java_client.android.AndroidDriver.execute(AndroidDriver.java:1)
	at org.openqa.selenium.remote.RemoteWebDriver.findElement(RemoteWebDriver.java:410)
	at io.appium.java_client.DefaultGenericMobileDriver.findElement(DefaultGenericMobileDriver.java:62)
	at io.appium.java_client.AppiumDriver.findElement(AppiumDriver.java:1)
	at io.appium.java_client.android.AndroidDriver.findElement(AndroidDriver.java:1)
	at org.openqa.selenium.remote.RemoteWebDriver.findElementByName(RemoteWebDriver.java:485)
	at io.appium.java_client.DefaultGenericMobileDriver.findElementByName(DefaultGenericMobileDriver.java:110)
	at io.appium.java_client.AppiumDriver.findElementByName(AppiumDriver.java:1)
	at io.appium.java_client.android.AndroidDriver.findElementByName(AndroidDriver.java:1)
	at feishuo.KyyAppUITest.UICartoon.Play(UICartoon.java:31)
	at feishuo.KyyAppUITest.Cartoon.testCartoon(Cartoon.java:53)
... Removed 29 stack frames]]>
    </failure>
  </testcase> <!-- testCartoon -->
</testsuite> <!-- HomePage -->
